Arguments: 
  C:\Program Files\nodejs\node.exe C:\Users\WeCanCodeIT\AppData\Roaming\npm\node_modules\yarn\bin\yarn.js init

PATH: 
  C:\Users\WeCanCodeIT\bin;C:\Program Files\Git\mingw64\bin;C:\Program Files\Git\usr\local\bin;C:\Program Files\Git\usr\bin;C:\Program Files\Git\usr\bin;C:\Program Files\Git\mingw64\bin;C:\Program Files\Git\usr\bin;C:\Users\WeCanCodeIT\bin;C:\Windows\system32;C:\Windows;C:\Windows\System32\Wbem;C:\Program Files\Intel\WiFi\bin;C:\Program Files\Common Files\Intel\WirelessCommon;C:\Program Files (x86)\Intel\OpenCL SDK\2.0\bin\x86;C:\Program Files (x86)\Intel\OpenCL SDK\2.0\bin\x64;C:\Program Files\Git\cmd;C:\Program Files\Microsoft SQL Server\Client SDK\ODBC\110\Tools\Binn;C:\Program Files (x86)\Microsoft SQL Server\120\Tools\Binn;C:\Program Files\Microsoft SQL Server\120\Tools\Binn;C:\Program Files\Microsoft SQL Server\120\DTS\Binn;C:\Program Files (x86)\Microsoft SQL Server\120\Tools\Binn\ManagementStudio;C:\Program Files (x86)\Microsoft SQL Server\120\DTS\Binn;C:\Program Files\dotnet;C:\Program Files\Microsoft SQL Server\130\Tools\Binn;C:\Windows\System32\WindowsPowerShell\v1.0;C:\Windows\System32\WindowsPowerShell\v1.0;C:\Program Files\nodejs;C:\Program Files\Intel\WiFi\bin;C:\Program Files\Common Files\Intel\WirelessCommon;C:\Users\WeCanCodeIT\AppData\Local\GitHubDesktop\bin;C:\Users\WeCanCodeIT\AppData\Local\Programs\Microsoft VS Code\bin;C:\Users\WeCanCodeIT\AppData\Roaming\npm;C:\Program Files\Git\usr\bin\vendor_perl;C:\Program Files\Git\usr\bin\core_perl

Yarn version: 
  1.13.0

Node version: 
  10.15.3

Platform: 
  win32 x64

Trace: 
  Error: Can't answer a question unless a user TTY
      at ConsoleReporter.question (C:\Users\WeCanCodeIT\AppData\Roaming\npm\node_modules\yarn\lib\cli.js:96071:59)
      at Object.<anonymous> (C:\Users\WeCanCodeIT\AppData\Roaming\npm\node_modules\yarn\lib\cli.js:88459:38)
      at Generator.next (<anonymous>)
      at step (C:\Users\WeCanCodeIT\AppData\Roaming\npm\node_modules\yarn\lib\cli.js:304:30)
      at C:\Users\WeCanCodeIT\AppData\Roaming\npm\node_modules\yarn\lib\cli.js:315:13

npm manifest: 
  {
    "name": "parcel-fireworks",
    "version": "1.0.0",
    "main": "index.js",
    "license": "MIT"
  }

yarn manifest: 
  No manifest

Lockfile: 
  No lockfile
